\BOOKMARK [1][-]{section.1}{Learning basics of regression in Python }{}% 1
\BOOKMARK [2][-]{subsection.1.1}{Describe and summarize the data}{section.1}% 2
\BOOKMARK [2][-]{subsection.1.2}{visualization}{section.1}% 3
\BOOKMARK [2][-]{subsection.1.3}{}{section.1}% 4
\BOOKMARK [3][-]{subsubsection.1.3.1}{Feature weights}{subsection.1.3}% 5
\BOOKMARK [3][-]{subsubsection.1.3.2}{MSE of my model}{subsection.1.3}% 6
\BOOKMARK [3][-]{subsubsection.1.3.3}{Two more error measurement}{subsection.1.3}% 7
\BOOKMARK [3][-]{subsubsection.1.3.4}{Most significant feature}{subsection.1.3}% 8
\BOOKMARK [1][-]{section.2}{Locally weighted regression}{}% 9
\BOOKMARK [2][-]{subsection.2.1}{weighted least square problem and analytic solution proof}{section.2}% 10
\BOOKMARK [2][-]{subsection.2.2}{}{section.2}% 11
\BOOKMARK [2][-]{subsection.2.3}{}{section.2}% 12
\BOOKMARK [1][-]{section.3}{Mini-batch}{}% 13
\BOOKMARK [2][-]{subsection.3.1}{Proof of expected value of mini batches}{section.3}% 14
\BOOKMARK [2][-]{subsection.3.2}{Proof of gradients}{section.3}% 15
\BOOKMARK [2][-]{subsection.3.3}{Importance of this result}{section.3}% 16
\BOOKMARK [2][-]{subsection.3.4}{Gradient}{section.3}% 17
\BOOKMARK [3][-]{subsubsection.3.4.1}{Analytic solution}{subsection.3.4}% 18
\BOOKMARK [3][-]{subsubsection.3.4.2}{}{subsection.3.4}% 19
\BOOKMARK [2][-]{subsection.3.5}{Error measurements}{section.3}% 20
\BOOKMARK [2][-]{subsection.3.6}{plot}{section.3}% 21
